<?xml version="1.0" encoding="UTF-8"?>
<testsuite xmlns:xsi="http://www.w3.org/2001/XMLSchema-instance" xsi:noNamespaceSchemaLocation="https://maven.apache.org/surefire/maven-surefire-plugin/xsd/surefire-test-report-3.0.xsd" version="3.0" name="com.example.diabetes_predictor.DiabetesPredictorApplicationTests" time="2.344" tests="1" errors="0" skipped="0" failures="0">
  <properties>
[...]
</properties>
  <testcase name="contextLoads" classname="com.example.diabetes_predictor.DiabetesPredictorApplicationTests" time="0.45">
    <system-out><![CDATA[18:48:53.483 [main] INFO org.springframework.test.context.support.AnnotationConfigContextLoaderUtils -- Could not detect default configuration classes for test class [com.example.diabetes_predictor.DiabetesPredictorApplicationTests]: DiabetesPredictorApplicationTests does not declare any static, non-private, non-final, nested classes annotated with @Configuration.
18:48:53.540 [main] INFO org.springframework.boot.test.context.SpringBootTestContextBootstrapper -- Found @SpringBootConfiguration com.example.diabetes_predictor.DiabetesPredictorApplication for test class com.example.diabetes_predictor.DiabetesPredictorApplicationTests

  .   ____          _            __ _ _
 /\\ / ___'_ __ _ _(_)_ __  __ _ \ \ \ \
( ( )\___ | '_ | '_| | '_ \/ _` | \ \ \ \
 \\/  ___)| |_)| | | | | || (_| |  ) ) ) )
  '  |____| .__|_| |_|_| |_\__, | / / / /
 =========|_|==============|___/=/_/_/_/

 :: Spring Boot ::                (v3.3.5)

2024-12-10T18:48:53.736-05:00  INFO 95641 --- [diabetes-predictor] [           main] c.e.d.DiabetesPredictorApplicationTests  : Starting DiabetesPredictorApplicationTests using Java 23.0.1 with PID 95641 (started by luckyhappyfish in /Users/luckyhappyfish/Downloads/diabetes-predictor)
2024-12-10T18:48:53.737-05:00  INFO 95641 --- [diabetes-predictor] [           main] c.e.d.DiabetesPredictorApplicationTests  : No active profile set, falling back to 1 default profile: "default"
2024-12-10T18:48:54.268-05:00  INFO 95641 --- [diabetes-predictor] [           main] c.e.d.DiabetesPredictorApplicationTests  : Started DiabetesPredictorApplicationTests in 0.658 seconds (process running for 1.15)
Reading CSV file and building Random Forest:
Random Forest Accuracy: 0.7325129075606479
]]></system-out>
    <system-err><![CDATA[WARNING: A Java agent has been loaded dynamically (/Users/luckyhappyfish/.m2/repository/net/bytebuddy/byte-buddy-agent/1.14.19/byte-buddy-agent-1.14.19.jar)
WARNING: If a serviceability tool is in use, please run with -XX:+EnableDynamicAgentLoading to hide this warning
WARNING: If a serviceability tool is not in use, please run with -Djdk.instrument.traceUsage for more information
WARNING: Dynamic loading of agents will be disallowed by default in a future release
]]></system-err>
  </testcase>
</testsuite>